<?xml version="1.0" encoding="UTF-8" ?>
<testsuite failures="0" time="0.2" errors="0" skipped="0" tests="80" name="org.apache.shindig.common.util.CheckTest">
  <properties>
    <property name="java.runtime.name" value="Java(TM) SE Runtime Environment"/>
    <property name="sun.boot.library.path" value="C:\Program Files\Java\jdk1.6.0_43\jre\bin"/>
    <property name="java.vm.version" value="20.14-b01"/>
    <property name="java.vm.vendor" value="Sun Microsystems Inc."/>
    <property name="java.vendor.url" value="http://java.sun.com/"/>
    <property name="path.separator" value=";"/>
    <property name="java.vm.name" value="Java HotSpot(TM) Client VM"/>
    <property name="file.encoding.pkg" value="sun.io"/>
    <property name="user.country" value="US"/>
    <property name="sun.java.launcher" value="SUN_STANDARD"/>
    <property name="sun.os.patch.level" value="Service Pack 2"/>
    <property name="java.vm.specification.name" value="Java Virtual Machine Specification"/>
    <property name="user.dir" value="E:\shindig\java\common"/>
    <property name="java.runtime.version" value="1.6.0_43-b01"/>
    <property name="java.awt.graphicsenv" value="sun.awt.Win32GraphicsEnvironment"/>
    <property name="basedir" value="E:\shindig\java\common"/>
    <property name="java.endorsed.dirs" value="C:\Program Files\Java\jdk1.6.0_43\jre\lib\endorsed"/>
    <property name="os.arch" value="x86"/>
    <property name="java.io.tmpdir" value="C:\DOCUME~1\ADMINI~1\LOCALS~1\Temp\"/>
    <property name="line.separator" value="
"/>
    <property name="java.vm.specification.vendor" value="Sun Microsystems Inc."/>
    <property name="user.variant" value=""/>
    <property name="os.name" value="Windows XP"/>
    <property name="sun.jnu.encoding" value="Cp1252"/>
    <property name="java.library.path" value="C:\Program Files\Java\jdk1.6.0_43\jre\bin;C:\WINDOWS\Sun\Java\bin;C:\WINDOWS\system32;C:\WINDOWS;C:\Program Files\PC Connectivity Solution\;C:\WINDOWS\system32;C:\WINDOWS;C:\WINDOWS\System32\Wbem;C:\apache-maven-2.0.9/bin;C:\Program Files\Java\jdk1.6.0_43/bin;C:\bin;."/>
    <property name="java.specification.name" value="Java Platform API Specification"/>
    <property name="java.class.version" value="50.0"/>
    <property name="sun.management.compiler" value="HotSpot Client Compiler"/>
    <property name="os.version" value="5.1"/>
    <property name="user.home" value="C:\Documents and Settings\Administrator"/>
    <property name="user.timezone" value="America/Los_Angeles"/>
    <property name="java.awt.printerjob" value="sun.awt.windows.WPrinterJob"/>
    <property name="file.encoding" value="Cp1252"/>
    <property name="java.specification.version" value="1.6"/>
    <property name="user.name" value="Administrator"/>
    <property name="java.class.path" value="C:\Documents and Settings\Administrator\.m2\repository\org\apache\maven\surefire\surefire-booter\2.3\surefire-booter-2.3.jar;C:\Documents and Settings\Administrator\.m2\repository\org\apache\maven\surefire\surefire-api\2.3\surefire-api-2.3.jar;C:\Documents and Settings\Administrator\.m2\repository\org\codehaus\plexus\plexus-utils\1.1\plexus-utils-1.1.jar;C:\Documents and Settings\Administrator\.m2\repository\commons-lang\commons-lang\2.1\commons-lang-2.1.jar;C:\Documents and Settings\Administrator\.m2\repository\org\codehaus\plexus\plexus-archiver\1.0-alpha-7\plexus-archiver-1.0-alpha-7.jar;C:\Documents and Settings\Administrator\.m2\repository\org\codehaus\plexus\plexus-container-default\1.0-alpha-8\plexus-container-default-1.0-alpha-8.jar;C:\Documents and Settings\Administrator\.m2\repository\junit\junit\3.8.1\junit-3.8.1.jar;C:\Documents and Settings\Administrator\.m2\repository\classworlds\classworlds\1.1-alpha-2\classworlds-1.1-alpha-2.jar"/>
    <property name="java.vm.specification.version" value="1.0"/>
    <property name="sun.arch.data.model" value="32"/>
    <property name="java.home" value="C:\Program Files\Java\jdk1.6.0_43\jre"/>
    <property name="sun.java.command" value="org.apache.maven.surefire.booter.SurefireBooter C:\DOCUME~1\ADMINI~1\LOCALS~1\Temp\surefire3631639980773686426tmp C:\DOCUME~1\ADMINI~1\LOCALS~1\Temp\surefire6206352432108077224tmp"/>
    <property name="java.specification.vendor" value="Sun Microsystems Inc."/>
    <property name="user.language" value="en"/>
    <property name="awt.toolkit" value="sun.awt.windows.WToolkit"/>
    <property name="java.vm.info" value="mixed mode, sharing"/>
    <property name="java.version" value="1.6.0_43"/>
    <property name="java.ext.dirs" value="C:\Program Files\Java\jdk1.6.0_43\jre\lib\ext;C:\WINDOWS\Sun\Java\lib\ext"/>
    <property name="sun.boot.class.path" value="C:\Program Files\Java\jdk1.6.0_43\jre\lib\resources.jar;C:\Program Files\Java\jdk1.6.0_43\jre\lib\rt.jar;C:\Program Files\Java\jdk1.6.0_43\jre\lib\sunrsasign.jar;C:\Program Files\Java\jdk1.6.0_43\jre\lib\jsse.jar;C:\Program Files\Java\jdk1.6.0_43\jre\lib\jce.jar;C:\Program Files\Java\jdk1.6.0_43\jre\lib\charsets.jar;C:\Program Files\Java\jdk1.6.0_43\jre\lib\modules\jdk.boot.jar;C:\Program Files\Java\jdk1.6.0_43\jre\classes"/>
    <property name="java.vendor" value="Sun Microsystems Inc."/>
    <property name="localRepository" value="C:\Documents and Settings\Administrator\.m2\repository"/>
    <property name="file.separator" value="\"/>
    <property name="java.vendor.url.bug" value="http://java.sun.com/cgi-bin/bugreport.cgi"/>
    <property name="sun.cpu.endian" value="little"/>
    <property name="sun.io.unicode.encoding" value="UnicodeLittle"/>
    <property name="sun.desktop" value="windows"/>
    <property name="sun.cpu.isalist" value="pentium_pro+mmx pentium_pro pentium+mmx pentium i486 i386 i86"/>
  </properties>
  <testcase time="0.01" name="is_Message_ThrowsWhenFalse"/>
  <testcase time="0.01" name="is_MessageArgs_ThrowsWhenFalse"/>
  <testcase time="0" name="is_Message_ReturnsWhenTrue"/>
  <testcase time="0.01" name="is_MessageArgs_ReturnsWhenTrue"/>
  <testcase time="0.02" name="eq_Message_ThrowsWhenNotEqual"/>
  <testcase time="0" name="eq_MessageArgs_ThrowsWhenNotEqual"/>
  <testcase time="0" name="eq_Message_ReturnsWhenEqual"/>
  <testcase time="0.01" name="eq_MessageArgs_ReturnsWhenEqual"/>
  <testcase time="0" name="that_ThrowsWhenFalse"/>
  <testcase time="0" name="that_Message_ThrowsWhenFalse"/>
  <testcase time="0" name="that_MessageArgs_ThrowsWhenFalse"/>
  <testcase time="0" name="that_ReturnsWhenTrue"/>
  <testcase time="0.01" name="that_Message_ReturnsWhenTrue"/>
  <testcase time="0" name="that_MessageArgs_ReturnsWhenTrue"/>
  <testcase time="0" name="notNull_ThrowsWhenNotNull"/>
  <testcase time="0" name="notNull_ReturnsWhenNull"/>
  <testcase time="0" name="notNull_Message_ThrowsWhenNotNull"/>
  <testcase time="0" name="notNull_Message_ReturnsWhenNull"/>
  <testcase time="0" name="notNull_MessageArgs_ThrowsWhenNotNull"/>
  <testcase time="0" name="notNull_MessageArgs_ReturnsWhenNull"/>
  <testcase time="0" name="notEmptyString_ThrowsWhenNull"/>
  <testcase time="0.01" name="notEmptyString_ThrowsWhenEmpty"/>
  <testcase time="0" name="notEmptyString_ReturnsWhenNotEmpty"/>
  <testcase time="0" name="notEmptyString_Message_ThrowsWhenNull"/>
  <testcase time="0" name="notEmptyString_Message_ThrowsWhenEmpty"/>
  <testcase time="0" name="notEmptyString_Message_ReturnsWhenNotEmpty"/>
  <testcase time="0" name="notEmptyString_MessageArgs_ThrowsWhenNull"/>
  <testcase time="0.01" name="notEmptyString_MessageArgs_ThrowsWhenEmpty"/>
  <testcase time="0" name="notEmptyString_MessageArgs_ReturnsWhenNotEmpty"/>
  <testcase time="0" name="notEmptyObjectArray_ThrowsWhenNull"/>
  <testcase time="0" name="notEmptyObjectArray_ThrowsWhenEmpty"/>
  <testcase time="0" name="notEmptyObjectArray_ReturnsWhenNotEmpty"/>
  <testcase time="0" name="notEmptyObjectArray_Message_ThrowsWhenNull"/>
  <testcase time="0.01" name="notEmptyObjectArray_Message_ThrowsWhenEmpty"/>
  <testcase time="0" name="notEmptyObjectArray_Message_ReturnsWhenNotEmpty"/>
  <testcase time="0" name="notEmptyObjectArray_MessageArgs_ThrowsWhenNull"/>
  <testcase time="0" name="notEmptyObjectArray_MessageArgs_ThrowsWhenEmpty"/>
  <testcase time="0" name="notEmptyObjectArray_MessageArgs_ReturnsWhenNotEmpty"/>
  <testcase time="0.01" name="notEmptyCollection_ThrowsWhenNull"/>
  <testcase time="0" name="notEmptyCollection_ThrowsWhenEmpty"/>
  <testcase time="0" name="notEmptyCollection_ReturnsWhenNotEmpty"/>
  <testcase time="0" name="notEmptyCollection_Message_ThrowsWhenNull"/>
  <testcase time="0" name="notEmptyCollection_Message_ThrowsWhenEmpty"/>
  <testcase time="0" name="notEmptyCollection_Message_ReturnsWhenNotEmpty"/>
  <testcase time="0.01" name="notEmptyCollection_MessageArgs_ThrowsWhenNull"/>
  <testcase time="0" name="notEmptyCollection_MessageArgs_ThrowsWhenEmpty"/>
  <testcase time="0" name="notEmptyCollection_MessageArgs_ReturnsWhenNotEmpty"/>
  <testcase time="0" name="notEmptyMap_ThrowsWhenNull"/>
  <testcase time="0" name="notEmptyMap_ThrowsWhenEmpty"/>
  <testcase time="0.01" name="notEmptyMap_ReturnsWhenNotEmpty"/>
  <testcase time="0" name="notEmptyMap_Message_ThrowsWhenNull"/>
  <testcase time="0" name="notEmptyMap_Message_ThrowsWhenEmpty"/>
  <testcase time="0" name="notEmptyMap_Message_ReturnsWhenNotEmpty"/>
  <testcase time="0" name="notEmptyMap_MessageArgs_ThrowsWhenNull"/>
  <testcase time="0" name="notEmptyMap_MessageArgs_ThrowsWhenEmpty"/>
  <testcase time="0.01" name="notEmptyMap_MessageArgs_ReturnsWhenNotEmpty"/>
  <testcase time="0" name="noNullsObjectArray_ReturnsWhenNull"/>
  <testcase time="0" name="noNullsObjectArray_ReturnsWhenEmpty"/>
  <testcase time="0" name="noNullsObjectArray_ReturnsWhenNotEmptyWithNoNulls"/>
  <testcase time="0" name="noNullsObjectArray_ThrowsWhenHasANull"/>
  <testcase time="0" name="noNullsObjectArray_Message_ReturnsWhenNull"/>
  <testcase time="0.01" name="noNullsObjectArray_Message_ReturnsWhenEmpty"/>
  <testcase time="0" name="noNullsObjectArray_Message_ReturnsWhenNotEmptyWithNoNulls"/>
  <testcase time="0" name="noNullsObjectArray_Message_ThrowsWhenHasANull"/>
  <testcase time="0" name="noNullsObjectArray_MessageArgs_ReturnsWhenNull"/>
  <testcase time="0" name="noNullsObjectArray_MessageArgs_ReturnsWhenEmpty"/>
  <testcase time="0.01" name="noNullsObjectArray_MessageArgs_ReturnsWhenNotEmptyWithNoNulls"/>
  <testcase time="0" name="noNullsObjectArray_MessageArgs_ThrowsWhenHasANull"/>
  <testcase time="0" name="noNullsIterable_ReturnsWhenNull"/>
  <testcase time="0" name="noNullsList_ReturnsWhenEmpty"/>
  <testcase time="0" name="noNullsList_ReturnsWhenNotEmptyWithNoNulls"/>
  <testcase time="0" name="noNullsList_ThrowsWhenHasANull"/>
  <testcase time="0.01" name="noNullsIterable_Message_ReturnsWhenNull"/>
  <testcase time="0" name="noNullsList_Message_ReturnsWhenEmpty"/>
  <testcase time="0" name="noNullsList_Message_ReturnsWhenNotEmptyWithNoNulls"/>
  <testcase time="0" name="noNullsList_Message_ThrowsWhenHasANull"/>
  <testcase time="0" name="noNullsIterable_MessageArgs_ReturnsWhenNull"/>
  <testcase time="0" name="noNullsList_MessageArgs_ReturnsWhenEmpty"/>
  <testcase time="0.01" name="noNullsList_MessageArgs_ReturnsWhenNotEmptyWithNoNulls"/>
  <testcase time="0" name="noNullsList_MessageArgs_ThrowsWhenHasANull"/>
</testsuite>