<?xml version="1.0" encoding="ISO-8859-1" ?>
<testsuite errors="0" failures="0" name="GadgetsJSAPITests" tests="47" time="0.13">
    <testcase name="UrlTemplateTest.testSuffixOperator" time="0.01"/>
    <testcase name="UrlTemplateTest.testVariableSubstitution" time="0.01"/>
    <testcase name="UrlTemplateTest.testNegOperator" time="0"/>
    <testcase name="UrlTemplateTest.testListOperator" time="0"/>
    <testcase name="UrlTemplateTest.testJoinOperator" time="0"/>
    <testcase name="UrlTemplateTest.testOptOperator" time="0"/>
    <testcase name="UrlTemplateTest.testPrefixOperator" time="0.01"/>
    <testcase name="UtilTest.testMakeEnum" time="0"/>
    <testcase name="AuthTest.testTokenInConfig" time="0"/>
    <testcase name="AuthTest.testAddParamsToToken_nonpaired" time="0"/>
    <testcase name="AuthTest.testAddParamsToToken_blankname" time="0"/>
    <testcase name="AuthTest.testAddParamsToToken_extraequals" time="0"/>
    <testcase name="AuthTest.testNoToken" time="0"/>
    <testcase name="AuthTest.testTokenOnFragment" time="0"/>
    <testcase name="AuthTest.testTrustedJson" time="0"/>
    <testcase name="AuthTest.testAddParamsToToken_blankvalue" time="0"/>
    <testcase name="AuthTest.testAddParamsToToken_normal" time="0"/>
    <testcase name="AuthTest.testAddParamsToToken_dupname" time="0"/>
    <testcase name="IoTest.testOAuth" time="0.01"/>
    <testcase name="IoTest.testPreloadMiss_postRequest" time="0.01"/>
    <testcase name="IoTest.testNoMethod_nonDefaultRefresh" time="0"/>
    <testcase name="IoTest.testPreload" time="0.01"/>
    <testcase name="IoTest.testPut" time="0.01"/>
    <testcase name="IoTest.testEncodeValues" time="0"/>
    <testcase name="IoTest.testNoMethod_disableRefresh" time="0"/>
    <testcase name="IoTest.testRepeatGet" time="0.01"/>
    <testcase name="IoTest.testPost_noBody" time="0"/>
    <testcase name="IoTest.testOAuth_error" time="0"/>
    <testcase name="IoTest.testNoMethod" time="0.01"/>
    <testcase name="IoTest.testPut_noBody" time="0"/>
    <testcase name="IoTest.testSignedGet" time="0"/>
    <testcase name="IoTest.testOAuth_preapprovedToken" time="0"/>
    <testcase name="IoTest.testJson_malformed" time="0.01"/>
    <testcase name="IoTest.testGetProxyUrl_disableCache" time="0"/>
    <testcase name="IoTest.testGetProxyUrl_nondefaultRefresh" time="0"/>
    <testcase name="IoTest.testSignedPost" time="0"/>
    <testcase name="IoTest.testOAuth_serviceAndToken" time="0.01"/>
    <testcase name="IoTest.testPreload_oauthApproval" time="0"/>
    <testcase name="IoTest.testPreload_error404" time="0"/>
    <testcase name="IoTest.testJson" time="0.01"/>
    <testcase name="IoTest.testGetProxyUrl" time="0"/>
    <testcase name="IoTest.testPost" time="0"/>
    <testcase name="IoTest.testPreloadMiss_wrongUrl" time="0"/>
    <testcase name="IoTest.testPost_emptyBody" time="0.01"/>
    <testcase name="PrefsTest.testGetFloat" time="0"/>
    <testcase name="PrefsTest.testGetBool" time="0"/>
    <testcase name="PrefsTest.testGetInt" time="0"/>
</testsuite>
